Building DAG of jobs...
Using shell: /bin/bash
Provided cores: 1 (use --cores to define parallelism)
Rules claiming more threads will be scaled down.
Job counts:
	count	jobs
	1	all
	1	ancestral
	1	export
	1	refine
	1	traits
	1	translate
	1	tree
	7
Select jobs to execute...

[Wed Mar 10 10:12:06 2021]
Job 3: Building tree

[Wed Mar 10 10:52:42 2021]
Finished job 3.
1 of 7 steps (14%) done
Select jobs to execute...

[Wed Mar 10 10:52:42 2021]
Job 2: 
        Refining tree
          - estimate timetree
          - use opt coalescent timescale
          - estimate marginal node dates
          - filter tips more than 3 IQDs from clock expectation
        

[Wed Mar 10 11:21:07 2021]
Finished job 2.
2 of 7 steps (29%) done
Select jobs to execute...

[Wed Mar 10 11:21:07 2021]
Job 5: Inferring ancestral traits for country

[Wed Mar 10 11:21:42 2021]
Finished job 5.
3 of 7 steps (43%) done
Select jobs to execute...

[Wed Mar 10 11:21:42 2021]
Job 6: Reconstructing ancestral sequences and mutations

[Wed Mar 10 11:23:01 2021]
Finished job 6.
4 of 7 steps (57%) done
Select jobs to execute...

[Wed Mar 10 11:23:01 2021]
Job 7: Translating amino acid sequences

[Wed Mar 10 11:23:02 2021]
Finished job 7.
5 of 7 steps (71%) done
Select jobs to execute...

[Wed Mar 10 11:23:02 2021]
Job 1: Exporting data files for for auspice

[Wed Mar 10 11:23:12 2021]
Finished job 1.
6 of 7 steps (86%) done
Select jobs to execute...

[Wed Mar 10 11:23:12 2021]
localrule all:
    input: auspice/eva_a71.json
    jobid: 0

[Wed Mar 10 11:23:12 2021]
Finished job 0.
7 of 7 steps (100%) done
Complete log: /Users/simon/Documents/Universitaet Basel/Thesis/nextstrain/Data/Enterovirus A - Review/builds/Ev-a71_build/.snakemake/log/2021-03-10T101206.697261.snakemake.log
